2011-01-15T08:47:03+00:00 ERR (3): 
exception 'Mage_Core_Exception' with message 'Please check shipping address information. Please enter the first name. Please enter the last name. Please enter the street. Please enter the city. Please enter the telephone number. Please enter the zip/postal code. Please enter the country. Please enter the state/province.' in Z:\home\blog.home\www\app\Mage.php:550
Stack trace:
#0 Z:\home\blog.home\www\app\code\core\Mage\Sales\Model\Service\Quote.php(277): Mage::throwException('Please check sh...')
#1 Z:\home\blog.home\www\app\code\core\Mage\Sales\Model\Service\Quote.php(200): Mage_Sales_Model_Service_Quote->_validate()
#2 Z:\home\blog.home\www\app\code\core\Mage\Sales\Model\Service\Quote.php(216): Mage_Sales_Model_Service_Quote->submitNominalItems()
#3 Z:\home\blog.home\www\app\code\local\Mage\Checkout\Model\Type\Onepage.php(719): Mage_Sales_Model_Service_Quote->submitAll()
#4 Z:\home\blog.home\www\app\code\local\Mage\Checkout\controllers\OnepageController.php(454): Mage_Checkout_Model_Type_Onepage->saveOrder()
#5 Z:\home\blog.home\www\app\code\core\Mage\Core\Controller\Varien\Action.php(418): Mage_Checkout_OnepageController->saveOrderAction()
#6 Z:\home\blog.home\www\app\code\core\Mage\Core\Controller\Varien\Router\Standard.php(253): Mage_Core_Controller_Varien_Action->dispatch('saveOrder')
#7 Z:\home\blog.home\www\app\code\core\Mage\Core\Controller\Varien\Front.php(176): Mage_Core_Controller_Varien_Router_Standard->match(Object(Mage_Core_Controller_Request_Http))
#8 Z:\home\blog.home\www\app\code\core\Mage\Core\Model\App.php(304): Mage_Core_Controller_Varien_Front->dispatch()
#9 Z:\home\blog.home\www\app\Mage.php(596): Mage_Core_Model_App->run(Array)
#10 Z:\home\blog.home\www\index.php(98): Mage::run('', 'store')
#11 {main}
2011-01-15T09:16:46+00:00 ERR (3): 
exception 'Mage_Core_Exception' with message 'Please check shipping address information. Please enter the first name. Please enter the last name. Please enter the street. Please enter the city. Please enter the telephone number. Please enter the zip/postal code. Please enter the country. Please enter the state/province.' in Z:\home\blog.home\www\app\Mage.php:550
Stack trace:
#0 Z:\home\blog.home\www\app\code\core\Mage\Sales\Model\Service\Quote.php(277): Mage::throwException('Please check sh...')
#1 Z:\home\blog.home\www\app\code\core\Mage\Sales\Model\Service\Quote.php(200): Mage_Sales_Model_Service_Quote->_validate()
#2 Z:\home\blog.home\www\app\code\core\Mage\Sales\Model\Service\Quote.php(216): Mage_Sales_Model_Service_Quote->submitNominalItems()
#3 Z:\home\blog.home\www\app\code\local\Mage\Checkout\Model\Type\Onepage.php(719): Mage_Sales_Model_Service_Quote->submitAll()
#4 Z:\home\blog.home\www\app\code\local\Mage\Checkout\controllers\OnepageController.php(454): Mage_Checkout_Model_Type_Onepage->saveOrder()
#5 Z:\home\blog.home\www\app\code\core\Mage\Core\Controller\Varien\Action.php(418): Mage_Checkout_OnepageController->saveOrderAction()
#6 Z:\home\blog.home\www\app\code\core\Mage\Core\Controller\Varien\Router\Standard.php(253): Mage_Core_Controller_Varien_Action->dispatch('saveOrder')
#7 Z:\home\blog.home\www\app\code\core\Mage\Core\Controller\Varien\Front.php(176): Mage_Core_Controller_Varien_Router_Standard->match(Object(Mage_Core_Controller_Request_Http))
#8 Z:\home\blog.home\www\app\code\core\Mage\Core\Model\App.php(304): Mage_Core_Controller_Varien_Front->dispatch()
#9 Z:\home\blog.home\www\app\Mage.php(596): Mage_Core_Model_App->run(Array)
#10 Z:\home\blog.home\www\index.php(98): Mage::run('', 'store')
#11 {main}
2011-01-15T09:19:03+00:00 ERR (3): 
exception 'Mage_Core_Exception' with message 'Please check shipping address information. Please enter the first name. Please enter the last name. Please enter the street. Please enter the city. Please enter the telephone number. Please enter the zip/postal code. Please enter the country. Please enter the state/province.' in Z:\home\blog.home\www\app\Mage.php:550
Stack trace:
#0 Z:\home\blog.home\www\app\code\core\Mage\Sales\Model\Service\Quote.php(277): Mage::throwException('Please check sh...')
#1 Z:\home\blog.home\www\app\code\core\Mage\Sales\Model\Service\Quote.php(200): Mage_Sales_Model_Service_Quote->_validate()
#2 Z:\home\blog.home\www\app\code\core\Mage\Sales\Model\Service\Quote.php(216): Mage_Sales_Model_Service_Quote->submitNominalItems()
#3 Z:\home\blog.home\www\app\code\local\Mage\Checkout\Model\Type\Onepage.php(706): Mage_Sales_Model_Service_Quote->submitAll()
#4 Z:\home\blog.home\www\app\code\local\Mage\Checkout\controllers\OnepageController.php(454): Mage_Checkout_Model_Type_Onepage->saveOrder()
#5 Z:\home\blog.home\www\app\code\core\Mage\Core\Controller\Varien\Action.php(418): Mage_Checkout_OnepageController->saveOrderAction()
#6 Z:\home\blog.home\www\app\code\core\Mage\Core\Controller\Varien\Router\Standard.php(253): Mage_Core_Controller_Varien_Action->dispatch('saveOrder')
#7 Z:\home\blog.home\www\app\code\core\Mage\Core\Controller\Varien\Front.php(176): Mage_Core_Controller_Varien_Router_Standard->match(Object(Mage_Core_Controller_Request_Http))
#8 Z:\home\blog.home\www\app\code\core\Mage\Core\Model\App.php(304): Mage_Core_Controller_Varien_Front->dispatch()
#9 Z:\home\blog.home\www\app\Mage.php(596): Mage_Core_Model_App->run(Array)
#10 Z:\home\blog.home\www\index.php(98): Mage::run('', 'store')
#11 {main}
2011-01-15T09:19:41+00:00 ERR (3): 
exception 'Mage_Core_Exception' with message 'Please check shipping address information. Please enter the first name. Please enter the last name. Please enter the street. Please enter the city. Please enter the telephone number. Please enter the zip/postal code. Please enter the country. Please enter the state/province.' in Z:\home\blog.home\www\app\Mage.php:550
Stack trace:
#0 Z:\home\blog.home\www\app\code\core\Mage\Sales\Model\Service\Quote.php(277): Mage::throwException('Please check sh...')
#1 Z:\home\blog.home\www\app\code\core\Mage\Sales\Model\Service\Quote.php(200): Mage_Sales_Model_Service_Quote->_validate()
#2 Z:\home\blog.home\www\app\code\core\Mage\Sales\Model\Service\Quote.php(216): Mage_Sales_Model_Service_Quote->submitNominalItems()
#3 Z:\home\blog.home\www\app\code\local\Mage\Checkout\Model\Type\Onepage.php(707): Mage_Sales_Model_Service_Quote->submitAll()
#4 Z:\home\blog.home\www\app\code\local\Mage\Checkout\controllers\OnepageController.php(454): Mage_Checkout_Model_Type_Onepage->saveOrder()
#5 Z:\home\blog.home\www\app\code\core\Mage\Core\Controller\Varien\Action.php(418): Mage_Checkout_OnepageController->saveOrderAction()
#6 Z:\home\blog.home\www\app\code\core\Mage\Core\Controller\Varien\Router\Standard.php(253): Mage_Core_Controller_Varien_Action->dispatch('saveOrder')
#7 Z:\home\blog.home\www\app\code\core\Mage\Core\Controller\Varien\Front.php(176): Mage_Core_Controller_Varien_Router_Standard->match(Object(Mage_Core_Controller_Request_Http))
#8 Z:\home\blog.home\www\app\code\core\Mage\Core\Model\App.php(304): Mage_Core_Controller_Varien_Front->dispatch()
#9 Z:\home\blog.home\www\app\Mage.php(596): Mage_Core_Model_App->run(Array)
#10 Z:\home\blog.home\www\index.php(98): Mage::run('', 'store')
#11 {main}
2011-01-15T09:19:52+00:00 ERR (3): 
exception 'Exception' with message 'Notice: Undefined variable: isNewCustomer  in Z:\home\blog.home\www\app\code\local\Mage\Checkout\Model\Type\Onepage.php on line 709' in Z:\home\blog.home\www\app\code\core\Mage\Core\functions.php:245
Stack trace:
#0 Z:\home\blog.home\www\app\code\local\Mage\Checkout\Model\Type\Onepage.php(709): mageCoreErrorHandler(8, 'Undefined varia...', 'Z:\home\blog.ho...', 709, Array)
#1 Z:\home\blog.home\www\app\code\local\Mage\Checkout\controllers\OnepageController.php(454): Mage_Checkout_Model_Type_Onepage->saveOrder()
#2 Z:\home\blog.home\www\app\code\core\Mage\Core\Controller\Varien\Action.php(418): Mage_Checkout_OnepageController->saveOrderAction()
#3 Z:\home\blog.home\www\app\code\core\Mage\Core\Controller\Varien\Router\Standard.php(253): Mage_Core_Controller_Varien_Action->dispatch('saveOrder')
#4 Z:\home\blog.home\www\app\code\core\Mage\Core\Controller\Varien\Front.php(176): Mage_Core_Controller_Varien_Router_Standard->match(Object(Mage_Core_Controller_Request_Http))
#5 Z:\home\blog.home\www\app\code\core\Mage\Core\Model\App.php(304): Mage_Core_Controller_Varien_Front->dispatch()
#6 Z:\home\blog.home\www\app\Mage.php(596): Mage_Core_Model_App->run(Array)
#7 Z:\home\blog.home\www\index.php(98): Mage::run('', 'store')
#8 {main}
2011-01-15T09:20:24+00:00 ERR (3): 
exception 'Mage_Core_Exception' with message 'Please check shipping address information. Please enter the first name. Please enter the last name. Please enter the street. Please enter the city. Please enter the telephone number. Please enter the zip/postal code. Please enter the country. Please enter the state/province.' in Z:\home\blog.home\www\app\Mage.php:550
Stack trace:
#0 Z:\home\blog.home\www\app\code\core\Mage\Sales\Model\Service\Quote.php(277): Mage::throwException('Please check sh...')
#1 Z:\home\blog.home\www\app\code\core\Mage\Sales\Model\Service\Quote.php(200): Mage_Sales_Model_Service_Quote->_validate()
#2 Z:\home\blog.home\www\app\code\core\Mage\Sales\Model\Service\Quote.php(216): Mage_Sales_Model_Service_Quote->submitNominalItems()
#3 Z:\home\blog.home\www\app\code\local\Mage\Checkout\Model\Type\Onepage.php(707): Mage_Sales_Model_Service_Quote->submitAll()
#4 Z:\home\blog.home\www\app\code\local\Mage\Checkout\controllers\OnepageController.php(454): Mage_Checkout_Model_Type_Onepage->saveOrder()
#5 Z:\home\blog.home\www\app\code\core\Mage\Core\Controller\Varien\Action.php(418): Mage_Checkout_OnepageController->saveOrderAction()
#6 Z:\home\blog.home\www\app\code\core\Mage\Core\Controller\Varien\Router\Standard.php(253): Mage_Core_Controller_Varien_Action->dispatch('saveOrder')
#7 Z:\home\blog.home\www\app\code\core\Mage\Core\Controller\Varien\Front.php(176): Mage_Core_Controller_Varien_Router_Standard->match(Object(Mage_Core_Controller_Request_Http))
#8 Z:\home\blog.home\www\app\code\core\Mage\Core\Model\App.php(304): Mage_Core_Controller_Varien_Front->dispatch()
#9 Z:\home\blog.home\www\app\Mage.php(596): Mage_Core_Model_App->run(Array)
#10 Z:\home\blog.home\www\index.php(98): Mage::run('', 'store')
#11 {main}
2011-01-15T09:25:51+00:00 ERR (3): 
exception 'Mage_Core_Exception' with message 'Please specify a shipping method.' in Z:\home\blog.home\www\app\Mage.php:550
Stack trace:
#0 Z:\home\blog.home\www\app\code\core\Mage\Sales\Model\Service\Quote.php(282): Mage::throwException('Please specify ...')
#1 Z:\home\blog.home\www\app\code\core\Mage\Sales\Model\Service\Quote.php(200): Mage_Sales_Model_Service_Quote->_validate()
#2 Z:\home\blog.home\www\app\code\core\Mage\Sales\Model\Service\Quote.php(216): Mage_Sales_Model_Service_Quote->submitNominalItems()
#3 Z:\home\blog.home\www\app\code\local\Mage\Checkout\Model\Type\Onepage.php(719): Mage_Sales_Model_Service_Quote->submitAll()
#4 Z:\home\blog.home\www\app\code\local\Mage\Checkout\controllers\OnepageController.php(454): Mage_Checkout_Model_Type_Onepage->saveOrder()
#5 Z:\home\blog.home\www\app\code\core\Mage\Core\Controller\Varien\Action.php(418): Mage_Checkout_OnepageController->saveOrderAction()
#6 Z:\home\blog.home\www\app\code\core\Mage\Core\Controller\Varien\Router\Standard.php(253): Mage_Core_Controller_Varien_Action->dispatch('saveOrder')
#7 Z:\home\blog.home\www\app\code\core\Mage\Core\Controller\Varien\Front.php(176): Mage_Core_Controller_Varien_Router_Standard->match(Object(Mage_Core_Controller_Request_Http))
#8 Z:\home\blog.home\www\app\code\core\Mage\Core\Model\App.php(304): Mage_Core_Controller_Varien_Front->dispatch()
#9 Z:\home\blog.home\www\app\Mage.php(596): Mage_Core_Model_App->run(Array)
#10 Z:\home\blog.home\www\index.php(98): Mage::run('', 'store')
#11 {main}
2011-01-15T09:26:08+00:00 ERR (3): 
exception 'Mage_Core_Exception' with message 'Please specify a shipping method.' in Z:\home\blog.home\www\app\Mage.php:550
Stack trace:
#0 Z:\home\blog.home\www\app\code\core\Mage\Sales\Model\Service\Quote.php(282): Mage::throwException('Please specify ...')
#1 Z:\home\blog.home\www\app\code\core\Mage\Sales\Model\Service\Quote.php(200): Mage_Sales_Model_Service_Quote->_validate()
#2 Z:\home\blog.home\www\app\code\core\Mage\Sales\Model\Service\Quote.php(216): Mage_Sales_Model_Service_Quote->submitNominalItems()
#3 Z:\home\blog.home\www\app\code\local\Mage\Checkout\Model\Type\Onepage.php(719): Mage_Sales_Model_Service_Quote->submitAll()
#4 Z:\home\blog.home\www\app\code\local\Mage\Checkout\controllers\OnepageController.php(454): Mage_Checkout_Model_Type_Onepage->saveOrder()
#5 Z:\home\blog.home\www\app\code\core\Mage\Core\Controller\Varien\Action.php(418): Mage_Checkout_OnepageController->saveOrderAction()
#6 Z:\home\blog.home\www\app\code\core\Mage\Core\Controller\Varien\Router\Standard.php(253): Mage_Core_Controller_Varien_Action->dispatch('saveOrder')
#7 Z:\home\blog.home\www\app\code\core\Mage\Core\Controller\Varien\Front.php(176): Mage_Core_Controller_Varien_Router_Standard->match(Object(Mage_Core_Controller_Request_Http))
#8 Z:\home\blog.home\www\app\code\core\Mage\Core\Model\App.php(304): Mage_Core_Controller_Varien_Front->dispatch()
#9 Z:\home\blog.home\www\app\Mage.php(596): Mage_Core_Model_App->run(Array)
#10 Z:\home\blog.home\www\index.php(98): Mage::run('', 'store')
#11 {main}
2011-01-15T09:28:36+00:00 ERR (3): 
exception 'Mage_Core_Exception' with message 'Please specify a shipping method.' in Z:\home\blog.home\www\app\Mage.php:550
Stack trace:
#0 Z:\home\blog.home\www\app\code\core\Mage\Sales\Model\Service\Quote.php(282): Mage::throwException('Please specify ...')
#1 Z:\home\blog.home\www\app\code\core\Mage\Sales\Model\Service\Quote.php(200): Mage_Sales_Model_Service_Quote->_validate()
#2 Z:\home\blog.home\www\app\code\core\Mage\Sales\Model\Service\Quote.php(216): Mage_Sales_Model_Service_Quote->submitNominalItems()
#3 Z:\home\blog.home\www\app\code\local\Mage\Checkout\Model\Type\Onepage.php(719): Mage_Sales_Model_Service_Quote->submitAll()
#4 Z:\home\blog.home\www\app\code\local\Mage\Checkout\controllers\OnepageController.php(459): Mage_Checkout_Model_Type_Onepage->saveOrder()
#5 Z:\home\blog.home\www\app\code\core\Mage\Core\Controller\Varien\Action.php(418): Mage_Checkout_OnepageController->saveOrderAction()
#6 Z:\home\blog.home\www\app\code\core\Mage\Core\Controller\Varien\Router\Standard.php(253): Mage_Core_Controller_Varien_Action->dispatch('saveOrder')
#7 Z:\home\blog.home\www\app\code\core\Mage\Core\Controller\Varien\Front.php(176): Mage_Core_Controller_Varien_Router_Standard->match(Object(Mage_Core_Controller_Request_Http))
#8 Z:\home\blog.home\www\app\code\core\Mage\Core\Model\App.php(304): Mage_Core_Controller_Varien_Front->dispatch()
#9 Z:\home\blog.home\www\app\Mage.php(596): Mage_Core_Model_App->run(Array)
#10 Z:\home\blog.home\www\index.php(98): Mage::run('', 'store')
#11 {main}
2011-01-15T09:28:40+00:00 ERR (3): 
exception 'Mage_Core_Exception' with message 'Please specify a shipping method.' in Z:\home\blog.home\www\app\Mage.php:550
Stack trace:
#0 Z:\home\blog.home\www\app\code\core\Mage\Sales\Model\Service\Quote.php(282): Mage::throwException('Please specify ...')
#1 Z:\home\blog.home\www\app\code\core\Mage\Sales\Model\Service\Quote.php(200): Mage_Sales_Model_Service_Quote->_validate()
#2 Z:\home\blog.home\www\app\code\core\Mage\Sales\Model\Service\Quote.php(216): Mage_Sales_Model_Service_Quote->submitNominalItems()
#3 Z:\home\blog.home\www\app\code\local\Mage\Checkout\Model\Type\Onepage.php(719): Mage_Sales_Model_Service_Quote->submitAll()
#4 Z:\home\blog.home\www\app\code\local\Mage\Checkout\controllers\OnepageController.php(459): Mage_Checkout_Model_Type_Onepage->saveOrder()
#5 Z:\home\blog.home\www\app\code\core\Mage\Core\Controller\Varien\Action.php(418): Mage_Checkout_OnepageController->saveOrderAction()
#6 Z:\home\blog.home\www\app\code\core\Mage\Core\Controller\Varien\Router\Standard.php(253): Mage_Core_Controller_Varien_Action->dispatch('saveOrder')
#7 Z:\home\blog.home\www\app\code\core\Mage\Core\Controller\Varien\Front.php(176): Mage_Core_Controller_Varien_Router_Standard->match(Object(Mage_Core_Controller_Request_Http))
#8 Z:\home\blog.home\www\app\code\core\Mage\Core\Model\App.php(304): Mage_Core_Controller_Varien_Front->dispatch()
#9 Z:\home\blog.home\www\app\Mage.php(596): Mage_Core_Model_App->run(Array)
#10 Z:\home\blog.home\www\index.php(98): Mage::run('', 'store')
#11 {main}
2011-01-15T09:50:10+00:00 ERR (3): 
exception 'Mage_Core_Exception' with message 'Please select a valid payment method.' in Z:\home\blog.home\www\app\Mage.php:550
Stack trace:
#0 Z:\home\blog.home\www\app\code\core\Mage\Sales\Model\Service\Quote.php(294): Mage::throwException('Please select a...')
#1 Z:\home\blog.home\www\app\code\core\Mage\Sales\Model\Service\Quote.php(200): Mage_Sales_Model_Service_Quote->_validate()
#2 Z:\home\blog.home\www\app\code\core\Mage\Sales\Model\Service\Quote.php(216): Mage_Sales_Model_Service_Quote->submitNominalItems()
#3 Z:\home\blog.home\www\app\code\local\Mage\Checkout\Model\Type\Onepage.php(719): Mage_Sales_Model_Service_Quote->submitAll()
#4 Z:\home\blog.home\www\app\code\local\Mage\Checkout\controllers\OnepageController.php(463): Mage_Checkout_Model_Type_Onepage->saveOrder()
#5 Z:\home\blog.home\www\app\code\core\Mage\Core\Controller\Varien\Action.php(418): Mage_Checkout_OnepageController->saveOrderAction()
#6 Z:\home\blog.home\www\app\code\core\Mage\Core\Controller\Varien\Router\Standard.php(253): Mage_Core_Controller_Varien_Action->dispatch('saveOrder')
#7 Z:\home\blog.home\www\app\code\core\Mage\Core\Controller\Varien\Front.php(176): Mage_Core_Controller_Varien_Router_Standard->match(Object(Mage_Core_Controller_Request_Http))
#8 Z:\home\blog.home\www\app\code\core\Mage\Core\Model\App.php(304): Mage_Core_Controller_Varien_Front->dispatch()
#9 Z:\home\blog.home\www\app\Mage.php(596): Mage_Core_Model_App->run(Array)
#10 Z:\home\blog.home\www\index.php(98): Mage::run('', 'store')
#11 {main}
2011-01-15T10:03:30+00:00 ERR (3): 
exception 'Mage_Core_Exception' with message 'Please select a valid payment method.' in Z:\home\blog.home\www\app\Mage.php:550
Stack trace:
#0 Z:\home\blog.home\www\app\code\core\Mage\Sales\Model\Service\Quote.php(294): Mage::throwException('Please select a...')
#1 Z:\home\blog.home\www\app\code\core\Mage\Sales\Model\Service\Quote.php(200): Mage_Sales_Model_Service_Quote->_validate()
#2 Z:\home\blog.home\www\app\code\core\Mage\Sales\Model\Service\Quote.php(216): Mage_Sales_Model_Service_Quote->submitNominalItems()
#3 Z:\home\blog.home\www\app\code\local\Mage\Checkout\Model\Type\Onepage.php(719): Mage_Sales_Model_Service_Quote->submitAll()
#4 Z:\home\blog.home\www\app\code\local\Mage\Checkout\controllers\OnepageController.php(464): Mage_Checkout_Model_Type_Onepage->saveOrder()
#5 Z:\home\blog.home\www\app\code\core\Mage\Core\Controller\Varien\Action.php(418): Mage_Checkout_OnepageController->saveOrderAction()
#6 Z:\home\blog.home\www\app\code\core\Mage\Core\Controller\Varien\Router\Standard.php(253): Mage_Core_Controller_Varien_Action->dispatch('saveOrder')
#7 Z:\home\blog.home\www\app\code\core\Mage\Core\Controller\Varien\Front.php(176): Mage_Core_Controller_Varien_Router_Standard->match(Object(Mage_Core_Controller_Request_Http))
#8 Z:\home\blog.home\www\app\code\core\Mage\Core\Model\App.php(304): Mage_Core_Controller_Varien_Front->dispatch()
#9 Z:\home\blog.home\www\app\Mage.php(596): Mage_Core_Model_App->run(Array)
#10 Z:\home\blog.home\www\index.php(98): Mage::run('', 'store')
#11 {main}
2011-01-17T10:49:42+00:00 ERR (3): 
exception 'Mage_Core_Exception' with message 'Please check shipping address information. Please enter the first name. Please enter the last name. Please enter the street. Please enter the city. Please enter the telephone number. Please enter the zip/postal code. Please enter the country. Please enter the state/province.' in Z:\home\blog.home\www\app\Mage.php:550
Stack trace:
#0 Z:\home\blog.home\www\app\code\core\Mage\Sales\Model\Service\Quote.php(277): Mage::throwException('Please check sh...')
#1 Z:\home\blog.home\www\app\code\core\Mage\Sales\Model\Service\Quote.php(200): Mage_Sales_Model_Service_Quote->_validate()
#2 Z:\home\blog.home\www\app\code\core\Mage\Sales\Model\Service\Quote.php(216): Mage_Sales_Model_Service_Quote->submitNominalItems()
#3 Z:\home\blog.home\www\app\code\local\Mage\Checkout\Model\Type\Onepage.php(719): Mage_Sales_Model_Service_Quote->submitAll()
#4 Z:\home\blog.home\www\app\code\local\Mage\Checkout\controllers\OnepageController.php(465): Mage_Checkout_Model_Type_Onepage->saveOrder()
#5 Z:\home\blog.home\www\app\code\core\Mage\Core\Controller\Varien\Action.php(418): Mage_Checkout_OnepageController->saveOrderAction()
#6 Z:\home\blog.home\www\app\code\core\Mage\Core\Controller\Varien\Router\Standard.php(253): Mage_Core_Controller_Varien_Action->dispatch('saveOrder')
#7 Z:\home\blog.home\www\app\code\core\Mage\Core\Controller\Varien\Front.php(176): Mage_Core_Controller_Varien_Router_Standard->match(Object(Mage_Core_Controller_Request_Http))
#8 Z:\home\blog.home\www\app\code\core\Mage\Core\Model\App.php(304): Mage_Core_Controller_Varien_Front->dispatch()
#9 Z:\home\blog.home\www\app\Mage.php(596): Mage_Core_Model_App->run(Array)
#10 Z:\home\blog.home\www\index.php(98): Mage::run('', 'store')
#11 {main}
2011-01-17T10:52:41+00:00 ERR (3): 
exception 'Mage_Core_Exception' with message 'Please check shipping address information. Please enter the first name. Please enter the last name. Please enter the street. Please enter the city. Please enter the telephone number. Please enter the zip/postal code. Please enter the country. Please enter the state/province.' in Z:\home\blog.home\www\app\Mage.php:550
Stack trace:
#0 Z:\home\blog.home\www\app\code\core\Mage\Sales\Model\Service\Quote.php(277): Mage::throwException('Please check sh...')
#1 Z:\home\blog.home\www\app\code\core\Mage\Sales\Model\Service\Quote.php(200): Mage_Sales_Model_Service_Quote->_validate()
#2 Z:\home\blog.home\www\app\code\core\Mage\Sales\Model\Service\Quote.php(216): Mage_Sales_Model_Service_Quote->submitNominalItems()
#3 Z:\home\blog.home\www\app\code\local\Mage\Checkout\Model\Type\Onepage.php(719): Mage_Sales_Model_Service_Quote->submitAll()
#4 Z:\home\blog.home\www\app\code\local\Mage\Checkout\controllers\OnepageController.php(466): Mage_Checkout_Model_Type_Onepage->saveOrder()
#5 Z:\home\blog.home\www\app\code\core\Mage\Core\Controller\Varien\Action.php(418): Mage_Checkout_OnepageController->saveOrderAction()
#6 Z:\home\blog.home\www\app\code\core\Mage\Core\Controller\Varien\Router\Standard.php(253): Mage_Core_Controller_Varien_Action->dispatch('saveOrder')
#7 Z:\home\blog.home\www\app\code\core\Mage\Core\Controller\Varien\Front.php(176): Mage_Core_Controller_Varien_Router_Standard->match(Object(Mage_Core_Controller_Request_Http))
#8 Z:\home\blog.home\www\app\code\core\Mage\Core\Model\App.php(304): Mage_Core_Controller_Varien_Front->dispatch()
#9 Z:\home\blog.home\www\app\Mage.php(596): Mage_Core_Model_App->run(Array)
#10 Z:\home\blog.home\www\index.php(98): Mage::run('', 'store')
#11 {main}
2011-01-17T10:53:53+00:00 ERR (3): 
exception 'Mage_Core_Exception' with message 'Please check shipping address information. Please enter the first name. Please enter the last name. Please enter the street. Please enter the city. Please enter the telephone number. Please enter the zip/postal code. Please enter the country. Please enter the state/province.' in Z:\home\blog.home\www\app\Mage.php:550
Stack trace:
#0 Z:\home\blog.home\www\app\code\core\Mage\Sales\Model\Service\Quote.php(277): Mage::throwException('Please check sh...')
#1 Z:\home\blog.home\www\app\code\core\Mage\Sales\Model\Service\Quote.php(200): Mage_Sales_Model_Service_Quote->_validate()
#2 Z:\home\blog.home\www\app\code\core\Mage\Sales\Model\Service\Quote.php(216): Mage_Sales_Model_Service_Quote->submitNominalItems()
#3 Z:\home\blog.home\www\app\code\local\Mage\Checkout\Model\Type\Onepage.php(720): Mage_Sales_Model_Service_Quote->submitAll()
#4 Z:\home\blog.home\www\app\code\local\Mage\Checkout\controllers\OnepageController.php(466): Mage_Checkout_Model_Type_Onepage->saveOrder()
#5 Z:\home\blog.home\www\app\code\core\Mage\Core\Controller\Varien\Action.php(418): Mage_Checkout_OnepageController->saveOrderAction()
#6 Z:\home\blog.home\www\app\code\core\Mage\Core\Controller\Varien\Router\Standard.php(253): Mage_Core_Controller_Varien_Action->dispatch('saveOrder')
#7 Z:\home\blog.home\www\app\code\core\Mage\Core\Controller\Varien\Front.php(176): Mage_Core_Controller_Varien_Router_Standard->match(Object(Mage_Core_Controller_Request_Http))
#8 Z:\home\blog.home\www\app\code\core\Mage\Core\Model\App.php(304): Mage_Core_Controller_Varien_Front->dispatch()
#9 Z:\home\blog.home\www\app\Mage.php(596): Mage_Core_Model_App->run(Array)
#10 Z:\home\blog.home\www\index.php(98): Mage::run('', 'store')
#11 {main}
2011-01-17T10:54:07+00:00 ERR (3): 
exception 'Mage_Core_Exception' with message 'Please check shipping address information. Please enter the first name. Please enter the last name. Please enter the street. Please enter the city. Please enter the telephone number. Please enter the zip/postal code. Please enter the country. Please enter the state/province.' in Z:\home\blog.home\www\app\Mage.php:550
Stack trace:
#0 Z:\home\blog.home\www\app\code\core\Mage\Sales\Model\Service\Quote.php(277): Mage::throwException('Please check sh...')
#1 Z:\home\blog.home\www\app\code\core\Mage\Sales\Model\Service\Quote.php(200): Mage_Sales_Model_Service_Quote->_validate()
#2 Z:\home\blog.home\www\app\code\core\Mage\Sales\Model\Service\Quote.php(216): Mage_Sales_Model_Service_Quote->submitNominalItems()
#3 Z:\home\blog.home\www\app\code\local\Mage\Checkout\Model\Type\Onepage.php(721): Mage_Sales_Model_Service_Quote->submitAll()
#4 Z:\home\blog.home\www\app\code\local\Mage\Checkout\controllers\OnepageController.php(466): Mage_Checkout_Model_Type_Onepage->saveOrder()
#5 Z:\home\blog.home\www\app\code\core\Mage\Core\Controller\Varien\Action.php(418): Mage_Checkout_OnepageController->saveOrderAction()
#6 Z:\home\blog.home\www\app\code\core\Mage\Core\Controller\Varien\Router\Standard.php(253): Mage_Core_Controller_Varien_Action->dispatch('saveOrder')
#7 Z:\home\blog.home\www\app\code\core\Mage\Core\Controller\Varien\Front.php(176): Mage_Core_Controller_Varien_Router_Standard->match(Object(Mage_Core_Controller_Request_Http))
#8 Z:\home\blog.home\www\app\code\core\Mage\Core\Model\App.php(304): Mage_Core_Controller_Varien_Front->dispatch()
#9 Z:\home\blog.home\www\app\Mage.php(596): Mage_Core_Model_App->run(Array)
#10 Z:\home\blog.home\www\index.php(98): Mage::run('', 'store')
#11 {main}
2011-01-17T10:54:30+00:00 ERR (3): 
exception 'Mage_Core_Exception' with message 'Please specify a shipping method.' in Z:\home\blog.home\www\app\Mage.php:550
Stack trace:
#0 Z:\home\blog.home\www\app\code\core\Mage\Sales\Model\Service\Quote.php(282): Mage::throwException('Please specify ...')
#1 Z:\home\blog.home\www\app\code\core\Mage\Sales\Model\Service\Quote.php(200): Mage_Sales_Model_Service_Quote->_validate()
#2 Z:\home\blog.home\www\app\code\core\Mage\Sales\Model\Service\Quote.php(216): Mage_Sales_Model_Service_Quote->submitNominalItems()
#3 Z:\home\blog.home\www\app\code\local\Mage\Checkout\Model\Type\Onepage.php(721): Mage_Sales_Model_Service_Quote->submitAll()
#4 Z:\home\blog.home\www\app\code\local\Mage\Checkout\controllers\OnepageController.php(466): Mage_Checkout_Model_Type_Onepage->saveOrder()
#5 Z:\home\blog.home\www\app\code\core\Mage\Core\Controller\Varien\Action.php(418): Mage_Checkout_OnepageController->saveOrderAction()
#6 Z:\home\blog.home\www\app\code\core\Mage\Core\Controller\Varien\Router\Standard.php(253): Mage_Core_Controller_Varien_Action->dispatch('saveOrder')
#7 Z:\home\blog.home\www\app\code\core\Mage\Core\Controller\Varien\Front.php(176): Mage_Core_Controller_Varien_Router_Standard->match(Object(Mage_Core_Controller_Request_Http))
#8 Z:\home\blog.home\www\app\code\core\Mage\Core\Model\App.php(304): Mage_Core_Controller_Varien_Front->dispatch()
#9 Z:\home\blog.home\www\app\Mage.php(596): Mage_Core_Model_App->run(Array)
#10 Z:\home\blog.home\www\index.php(98): Mage::run('', 'store')
#11 {main}
2011-01-17T10:55:50+00:00 ERR (3): 
exception 'Mage_Core_Exception' with message 'Please specify a shipping method.' in Z:\home\blog.home\www\app\Mage.php:550
Stack trace:
#0 Z:\home\blog.home\www\app\code\core\Mage\Sales\Model\Service\Quote.php(282): Mage::throwException('Please specify ...')
#1 Z:\home\blog.home\www\app\code\core\Mage\Sales\Model\Service\Quote.php(200): Mage_Sales_Model_Service_Quote->_validate()
#2 Z:\home\blog.home\www\app\code\core\Mage\Sales\Model\Service\Quote.php(216): Mage_Sales_Model_Service_Quote->submitNominalItems()
#3 Z:\home\blog.home\www\app\code\local\Mage\Checkout\Model\Type\Onepage.php(721): Mage_Sales_Model_Service_Quote->submitAll()
#4 Z:\home\blog.home\www\app\code\local\Mage\Checkout\controllers\OnepageController.php(467): Mage_Checkout_Model_Type_Onepage->saveOrder()
#5 Z:\home\blog.home\www\app\code\core\Mage\Core\Controller\Varien\Action.php(418): Mage_Checkout_OnepageController->saveOrderAction()
#6 Z:\home\blog.home\www\app\code\core\Mage\Core\Controller\Varien\Router\Standard.php(253): Mage_Core_Controller_Varien_Action->dispatch('saveOrder')
#7 Z:\home\blog.home\www\app\code\core\Mage\Core\Controller\Varien\Front.php(176): Mage_Core_Controller_Varien_Router_Standard->match(Object(Mage_Core_Controller_Request_Http))
#8 Z:\home\blog.home\www\app\code\core\Mage\Core\Model\App.php(304): Mage_Core_Controller_Varien_Front->dispatch()
#9 Z:\home\blog.home\www\app\Mage.php(596): Mage_Core_Model_App->run(Array)
#10 Z:\home\blog.home\www\index.php(98): Mage::run('', 'store')
#11 {main}
2011-01-17T11:28:24+00:00 ERR (3): 
exception 'Mage_Core_Exception' with message 'Please check billing address information. Please enter the first name. Please enter the last name. Please enter the street. Please enter the city. Please enter the telephone number. Please enter the zip/postal code. Please enter the country. Please enter the state/province.' in Z:\home\blog.home\www\app\Mage.php:550
Stack trace:
#0 Z:\home\blog.home\www\app\code\core\Mage\Sales\Model\Service\Quote.php(290): Mage::throwException('Please check bi...')
#1 Z:\home\blog.home\www\app\code\core\Mage\Sales\Model\Service\Quote.php(200): Mage_Sales_Model_Service_Quote->_validate()
#2 Z:\home\blog.home\www\app\code\core\Mage\Sales\Model\Service\Quote.php(216): Mage_Sales_Model_Service_Quote->submitNominalItems()
#3 Z:\home\blog.home\www\app\code\local\Mage\Checkout\Model\Type\Onepage.php(721): Mage_Sales_Model_Service_Quote->submitAll()
#4 Z:\home\blog.home\www\app\code\local\Mage\Checkout\controllers\OnepageController.php(469): Mage_Checkout_Model_Type_Onepage->saveOrder()
#5 Z:\home\blog.home\www\app\code\core\Mage\Core\Controller\Varien\Action.php(418): Mage_Checkout_OnepageController->saveOrderAction()
#6 Z:\home\blog.home\www\app\code\core\Mage\Core\Controller\Varien\Router\Standard.php(253): Mage_Core_Controller_Varien_Action->dispatch('saveOrder')
#7 Z:\home\blog.home\www\app\code\core\Mage\Core\Controller\Varien\Front.php(176): Mage_Core_Controller_Varien_Router_Standard->match(Object(Mage_Core_Controller_Request_Http))
#8 Z:\home\blog.home\www\app\code\core\Mage\Core\Model\App.php(304): Mage_Core_Controller_Varien_Front->dispatch()
#9 Z:\home\blog.home\www\app\Mage.php(596): Mage_Core_Model_App->run(Array)
#10 Z:\home\blog.home\www\index.php(98): Mage::run('', 'store')
#11 {main}
2011-01-17T12:34:12+00:00 ERR (3): 
exception 'Exception' with message 'Notice: Object of class Mage_Sales_Model_Order could not be converted to int  in Z:\home\blog.home\www\app\code\community\SLandsbek\SimpleOrderExport\Model\Export\Csv.php on line 55' in Z:\home\blog.home\www\app\code\core\Mage\Core\functions.php:245
Stack trace:
#0 Z:\home\blog.home\www\app\code\community\SLandsbek\SimpleOrderExport\Model\Export\Csv.php(55): mageCoreErrorHandler(8, 'Object of class...', 'Z:\home\blog.ho...', 55, Array)
#1 Z:\home\blog.home\www\app\code\local\Mage\Checkout\Model\Type\Onepage.php(783): SLandsbek_SimpleOrderExport_Model_Export_Csv->exportOrderDetailsById(Object(Mage_Sales_Model_Order))
#2 Z:\home\blog.home\www\app\code\local\Mage\Checkout\controllers\OnepageController.php(475): Mage_Checkout_Model_Type_Onepage->saveOrder()
#3 Z:\home\blog.home\www\app\code\core\Mage\Core\Controller\Varien\Action.php(418): Mage_Checkout_OnepageController->saveOrderAction()
#4 Z:\home\blog.home\www\app\code\core\Mage\Core\Controller\Varien\Router\Standard.php(253): Mage_Core_Controller_Varien_Action->dispatch('saveOrder')
#5 Z:\home\blog.home\www\app\code\core\Mage\Core\Controller\Varien\Front.php(176): Mage_Core_Controller_Varien_Router_Standard->match(Object(Mage_Core_Controller_Request_Http))
#6 Z:\home\blog.home\www\app\code\core\Mage\Core\Model\App.php(304): Mage_Core_Controller_Varien_Front->dispatch()
#7 Z:\home\blog.home\www\app\Mage.php(596): Mage_Core_Model_App->run(Array)
#8 Z:\home\blog.home\www\index.php(98): Mage::run('', 'store')
#9 {main}
2011-01-17T12:36:39+00:00 ERR (3): 
exception 'Exception' with message 'Notice: Object of class Mage_Sales_Model_Order could not be converted to int  in Z:\home\blog.home\www\app\code\community\SLandsbek\SimpleOrderExport\Model\Export\Csv.php on line 55' in Z:\home\blog.home\www\app\code\core\Mage\Core\functions.php:245
Stack trace:
#0 Z:\home\blog.home\www\app\code\community\SLandsbek\SimpleOrderExport\Model\Export\Csv.php(55): mageCoreErrorHandler(8, 'Object of class...', 'Z:\home\blog.ho...', 55, Array)
#1 Z:\home\blog.home\www\app\code\local\Mage\Checkout\Model\Type\Onepage.php(783): SLandsbek_SimpleOrderExport_Model_Export_Csv->exportOrderDetailsById(Object(Mage_Sales_Model_Order))
#2 Z:\home\blog.home\www\app\code\local\Mage\Checkout\controllers\OnepageController.php(475): Mage_Checkout_Model_Type_Onepage->saveOrder()
#3 Z:\home\blog.home\www\app\code\core\Mage\Core\Controller\Varien\Action.php(418): Mage_Checkout_OnepageController->saveOrderAction()
#4 Z:\home\blog.home\www\app\code\core\Mage\Core\Controller\Varien\Router\Standard.php(253): Mage_Core_Controller_Varien_Action->dispatch('saveOrder')
#5 Z:\home\blog.home\www\app\code\core\Mage\Core\Controller\Varien\Front.php(176): Mage_Core_Controller_Varien_Router_Standard->match(Object(Mage_Core_Controller_Request_Http))
#6 Z:\home\blog.home\www\app\code\core\Mage\Core\Model\App.php(304): Mage_Core_Controller_Varien_Front->dispatch()
#7 Z:\home\blog.home\www\app\Mage.php(596): Mage_Core_Model_App->run(Array)
#8 Z:\home\blog.home\www\index.php(98): Mage::run('', 'store')
#9 {main}
2011-01-17T13:29:14+00:00 ERR (3): 
exception 'Mage_Core_Exception' with message 'Invalid block type: Mage_Sales_Block_Order_Items_History' in Z:\home\blog.home\www\app\Mage.php:550
Stack trace:
#0 Z:\home\blog.home\www\app\code\core\Mage\Core\Model\Layout.php(469): Mage::throwException('Invalid block t...')
#1 Z:\home\blog.home\www\app\code\core\Mage\Core\Model\Layout.php(411): Mage_Core_Model_Layout->_getBlockInstance('sales/order_ite...', Array)
#2 Z:\home\blog.home\www\app\code\core\Mage\Core\Model\Layout.php(446): Mage_Core_Model_Layout->createBlock('sales/order_ite...', 'salesorderitems')
#3 Z:\home\blog.home\www\app\code\core\Mage\Core\Model\Layout.php(238): Mage_Core_Model_Layout->addBlock('sales/order_ite...', 'salesorderitems')
#4 Z:\home\blog.home\www\app\code\core\Mage\Core\Model\Layout.php(204): Mage_Core_Model_Layout->_generateBlock(Object(Mage_Core_Model_Layout_Element), Object(Mage_Core_Model_Layout_Element))
#5 Z:\home\blog.home\www\app\code\core\Mage\Core\Model\Layout.php(209): Mage_Core_Model_Layout->generateBlocks(Object(Mage_Core_Model_Layout_Element))
#6 Z:\home\blog.home\www\app\code\core\Mage\Core\Controller\Varien\Action.php(343): Mage_Core_Model_Layout->generateBlocks()
#7 Z:\home\blog.home\www\app\code\core\Mage\Core\Controller\Varien\Action.php(270): Mage_Core_Controller_Varien_Action->generateLayoutBlocks()
#8 Z:\home\blog.home\www\app\code\local\Mage\Sales\controllers\OrderController.php(57): Mage_Core_Controller_Varien_Action->loadLayout()
#9 Z:\home\blog.home\www\app\code\core\Mage\Core\Controller\Varien\Action.php(418): Mage_Sales_OrderController->historyitemsAction()
#10 Z:\home\blog.home\www\app\code\core\Mage\Core\Controller\Varien\Router\Standard.php(253): Mage_Core_Controller_Varien_Action->dispatch('historyitems')
#11 Z:\home\blog.home\www\app\code\core\Mage\Core\Controller\Varien\Front.php(176): Mage_Core_Controller_Varien_Router_Standard->match(Object(Mage_Core_Controller_Request_Http))
#12 Z:\home\blog.home\www\app\code\core\Mage\Core\Model\App.php(304): Mage_Core_Controller_Varien_Front->dispatch()
#13 Z:\home\blog.home\www\app\Mage.php(596): Mage_Core_Model_App->run(Array)
#14 Z:\home\blog.home\www\index.php(98): Mage::run('', 'store')
#15 {main}
2011-01-17T13:29:44+00:00 ERR (3): 
exception 'Mage_Core_Exception' with message 'Invalid block type: Mage_Sales_Block_Order_Items_History' in Z:\home\blog.home\www\app\Mage.php:550
Stack trace:
#0 Z:\home\blog.home\www\app\code\core\Mage\Core\Model\Layout.php(469): Mage::throwException('Invalid block t...')
#1 Z:\home\blog.home\www\app\code\core\Mage\Core\Model\Layout.php(411): Mage_Core_Model_Layout->_getBlockInstance('sales/order_ite...', Array)
#2 Z:\home\blog.home\www\app\code\core\Mage\Core\Model\Layout.php(446): Mage_Core_Model_Layout->createBlock('sales/order_ite...', 'salesorderitems')
#3 Z:\home\blog.home\www\app\code\core\Mage\Core\Model\Layout.php(238): Mage_Core_Model_Layout->addBlock('sales/order_ite...', 'salesorderitems')
#4 Z:\home\blog.home\www\app\code\core\Mage\Core\Model\Layout.php(204): Mage_Core_Model_Layout->_generateBlock(Object(Mage_Core_Model_Layout_Element), Object(Mage_Core_Model_Layout_Element))
#5 Z:\home\blog.home\www\app\code\core\Mage\Core\Model\Layout.php(209): Mage_Core_Model_Layout->generateBlocks(Object(Mage_Core_Model_Layout_Element))
#6 Z:\home\blog.home\www\app\code\core\Mage\Core\Controller\Varien\Action.php(343): Mage_Core_Model_Layout->generateBlocks()
#7 Z:\home\blog.home\www\app\code\core\Mage\Core\Controller\Varien\Action.php(270): Mage_Core_Controller_Varien_Action->generateLayoutBlocks()
#8 Z:\home\blog.home\www\app\code\local\Mage\Sales\controllers\OrderController.php(57): Mage_Core_Controller_Varien_Action->loadLayout()
#9 Z:\home\blog.home\www\app\code\core\Mage\Core\Controller\Varien\Action.php(418): Mage_Sales_OrderController->historyitemsAction()
#10 Z:\home\blog.home\www\app\code\core\Mage\Core\Controller\Varien\Router\Standard.php(253): Mage_Core_Controller_Varien_Action->dispatch('historyitems')
#11 Z:\home\blog.home\www\app\code\core\Mage\Core\Controller\Varien\Front.php(176): Mage_Core_Controller_Varien_Router_Standard->match(Object(Mage_Core_Controller_Request_Http))
#12 Z:\home\blog.home\www\app\code\core\Mage\Core\Model\App.php(304): Mage_Core_Controller_Varien_Front->dispatch()
#13 Z:\home\blog.home\www\app\Mage.php(596): Mage_Core_Model_App->run(Array)
#14 Z:\home\blog.home\www\index.php(98): Mage::run('', 'store')
#15 {main}
2011-01-17T13:32:01+00:00 ERR (3): 
exception 'Mage_Core_Exception' with message 'Invalid block type: Mage_Sales_Block_Order_Items_Historyitems' in Z:\home\blog.home\www\app\Mage.php:550
Stack trace:
#0 Z:\home\blog.home\www\app\code\core\Mage\Core\Model\Layout.php(469): Mage::throwException('Invalid block t...')
#1 Z:\home\blog.home\www\app\code\core\Mage\Core\Model\Layout.php(411): Mage_Core_Model_Layout->_getBlockInstance('sales/order_ite...', Array)
#2 Z:\home\blog.home\www\app\code\core\Mage\Core\Model\Layout.php(446): Mage_Core_Model_Layout->createBlock('sales/order_ite...', 'salesorderitems')
#3 Z:\home\blog.home\www\app\code\core\Mage\Core\Model\Layout.php(238): Mage_Core_Model_Layout->addBlock('sales/order_ite...', 'salesorderitems')
#4 Z:\home\blog.home\www\app\code\core\Mage\Core\Model\Layout.php(204): Mage_Core_Model_Layout->_generateBlock(Object(Mage_Core_Model_Layout_Element), Object(Mage_Core_Model_Layout_Element))
#5 Z:\home\blog.home\www\app\code\core\Mage\Core\Model\Layout.php(209): Mage_Core_Model_Layout->generateBlocks(Object(Mage_Core_Model_Layout_Element))
#6 Z:\home\blog.home\www\app\code\core\Mage\Core\Controller\Varien\Action.php(343): Mage_Core_Model_Layout->generateBlocks()
#7 Z:\home\blog.home\www\app\code\core\Mage\Core\Controller\Varien\Action.php(270): Mage_Core_Controller_Varien_Action->generateLayoutBlocks()
#8 Z:\home\blog.home\www\app\code\local\Mage\Sales\controllers\OrderController.php(57): Mage_Core_Controller_Varien_Action->loadLayout()
#9 Z:\home\blog.home\www\app\code\core\Mage\Core\Controller\Varien\Action.php(418): Mage_Sales_OrderController->historyitemsAction()
#10 Z:\home\blog.home\www\app\code\core\Mage\Core\Controller\Varien\Router\Standard.php(253): Mage_Core_Controller_Varien_Action->dispatch('historyitems')
#11 Z:\home\blog.home\www\app\code\core\Mage\Core\Controller\Varien\Front.php(176): Mage_Core_Controller_Varien_Router_Standard->match(Object(Mage_Core_Controller_Request_Http))
#12 Z:\home\blog.home\www\app\code\core\Mage\Core\Model\App.php(304): Mage_Core_Controller_Varien_Front->dispatch()
#13 Z:\home\blog.home\www\app\Mage.php(596): Mage_Core_Model_App->run(Array)
#14 Z:\home\blog.home\www\index.php(98): Mage::run('', 'store')
#15 {main}
2011-01-17T13:33:40+00:00 ERR (3): 
exception 'Mage_Core_Exception' with message 'Invalid block type: ' in Z:\home\blog.home\www\app\Mage.php:550
Stack trace:
#0 Z:\home\blog.home\www\app\code\core\Mage\Core\Model\Layout.php(469): Mage::throwException('Invalid block t...')
#1 Z:\home\blog.home\www\app\code\core\Mage\Core\Model\Layout.php(411): Mage_Core_Model_Layout->_getBlockInstance('', Array)
#2 Z:\home\blog.home\www\app\code\core\Mage\Core\Model\Layout.php(446): Mage_Core_Model_Layout->createBlock('', 'salesorderitems')
#3 Z:\home\blog.home\www\app\code\core\Mage\Core\Model\Layout.php(238): Mage_Core_Model_Layout->addBlock('', 'salesorderitems')
#4 Z:\home\blog.home\www\app\code\core\Mage\Core\Model\Layout.php(204): Mage_Core_Model_Layout->_generateBlock(Object(Mage_Core_Model_Layout_Element), Object(Mage_Core_Model_Layout_Element))
#5 Z:\home\blog.home\www\app\code\core\Mage\Core\Model\Layout.php(209): Mage_Core_Model_Layout->generateBlocks(Object(Mage_Core_Model_Layout_Element))
#6 Z:\home\blog.home\www\app\code\core\Mage\Core\Controller\Varien\Action.php(343): Mage_Core_Model_Layout->generateBlocks()
#7 Z:\home\blog.home\www\app\code\core\Mage\Core\Controller\Varien\Action.php(270): Mage_Core_Controller_Varien_Action->generateLayoutBlocks()
#8 Z:\home\blog.home\www\app\code\local\Mage\Sales\controllers\OrderController.php(57): Mage_Core_Controller_Varien_Action->loadLayout()
#9 Z:\home\blog.home\www\app\code\core\Mage\Core\Controller\Varien\Action.php(418): Mage_Sales_OrderController->historyitemsAction()
#10 Z:\home\blog.home\www\app\code\core\Mage\Core\Controller\Varien\Router\Standard.php(253): Mage_Core_Controller_Varien_Action->dispatch('historyitems')
#11 Z:\home\blog.home\www\app\code\core\Mage\Core\Controller\Varien\Front.php(176): Mage_Core_Controller_Varien_Router_Standard->match(Object(Mage_Core_Controller_Request_Http))
#12 Z:\home\blog.home\www\app\code\core\Mage\Core\Model\App.php(304): Mage_Core_Controller_Varien_Front->dispatch()
#13 Z:\home\blog.home\www\app\Mage.php(596): Mage_Core_Model_App->run(Array)
#14 Z:\home\blog.home\www\index.php(98): Mage::run('', 'store')
#15 {main}
2011-01-22T13:50:26+00:00 DEBUG (7): Exception message: SQLSTATE[23000]: Integrity constraint violation: 1062 Duplicate entry 'default-0-advanced/modules_disable_output/Lantera_logincatalog' for key 'config_scope'
Trace: #0 Z:\home\blog.home\www\lib\Zend\Db\Statement.php(300): Zend_Db_Statement_Pdo->_execute(Array)
#1 Z:\home\blog.home\www\lib\Zend\Db\Adapter\Abstract.php(468): Zend_Db_Statement->execute(Array)
#2 Z:\home\blog.home\www\lib\Zend\Db\Adapter\Pdo\Abstract.php(238): Zend_Db_Adapter_Abstract->query('INSERT INTO `co...', Array)
#3 Z:\home\blog.home\www\lib\Varien\Db\Adapter\Pdo\Mysql.php(333): Zend_Db_Adapter_Pdo_Abstract->query('INSERT INTO `co...', Array)
#4 Z:\home\blog.home\www\lib\Zend\Db\Adapter\Abstract.php(546): Varien_Db_Adapter_Pdo_Mysql->query('INSERT INTO `co...', Array)
#5 Z:\home\blog.home\www\app\code\core\Mage\Core\Model\Mysql4\Abstract.php(414): Zend_Db_Adapter_Abstract->insert('core_config_dat...', Array)
#6 Z:\home\blog.home\www\app\code\core\Mage\Core\Model\Abstract.php(318): Mage_Core_Model_Mysql4_Abstract->save(Object(Mage_Core_Model_Config_Data))
#7 Z:\home\blog.home\www\app\code\core\Mage\Core\Model\Resource\Transaction.php(150): Mage_Core_Model_Abstract->save()
#8 Z:\home\blog.home\www\app\code\core\Mage\Adminhtml\Model\Config\Data.php(193): Mage_Core_Model_Resource_Transaction->save()
#9 Z:\home\blog.home\www\app\code\core\Mage\Adminhtml\controllers\System\ConfigController.php(129): Mage_Adminhtml_Model_Config_Data->save()
#10 Z:\home\blog.home\www\app\code\core\Mage\Core\Controller\Varien\Action.php(418): Mage_Adminhtml_System_ConfigController->saveAction()
#11 Z:\home\blog.home\www\app\code\core\Mage\Core\Controller\Varien\Router\Standard.php(253): Mage_Core_Controller_Varien_Action->dispatch('save')
#12 Z:\home\blog.home\www\app\code\core\Mage\Core\Controller\Varien\Front.php(176): Mage_Core_Controller_Varien_Router_Standard->match(Object(Mage_Core_Controller_Request_Http))
#13 Z:\home\blog.home\www\app\code\core\Mage\Core\Model\App.php(304): Mage_Core_Controller_Varien_Front->dispatch()
#14 Z:\home\blog.home\www\app\Mage.php(596): Mage_Core_Model_App->run(Array)
#15 Z:\home\blog.home\www\index.php(98): Mage::run('', 'store')
#16 {main}
2011-01-24T09:31:02+00:00 ERR (3): 
exception 'Mage_Core_Exception' with message 'Invalid block type: Mage_Sales_Block_Order_Monthes' in Z:\home\blog.home\www\app\Mage.php:550
Stack trace:
#0 Z:\home\blog.home\www\app\code\core\Mage\Core\Model\Layout.php(469): Mage::throwException('Invalid block t...')
#1 Z:\home\blog.home\www\app\code\core\Mage\Core\Model\Layout.php(411): Mage_Core_Model_Layout->_getBlockInstance('sales/order_mon...', Array)
#2 Z:\home\blog.home\www\app\code\core\Mage\Core\Model\Layout.php(446): Mage_Core_Model_Layout->createBlock('sales/order_mon...', 'sales.order.mon...')
#3 Z:\home\blog.home\www\app\code\core\Mage\Core\Model\Layout.php(238): Mage_Core_Model_Layout->addBlock('sales/order_mon...', 'sales.order.mon...')
#4 Z:\home\blog.home\www\app\code\core\Mage\Core\Model\Layout.php(204): Mage_Core_Model_Layout->_generateBlock(Object(Mage_Core_Model_Layout_Element), Object(Mage_Core_Model_Layout_Element))
#5 Z:\home\blog.home\www\app\code\core\Mage\Core\Model\Layout.php(205): Mage_Core_Model_Layout->generateBlocks(Object(Mage_Core_Model_Layout_Element))
#6 Z:\home\blog.home\www\app\code\core\Mage\Core\Model\Layout.php(209): Mage_Core_Model_Layout->generateBlocks(Object(Mage_Core_Model_Layout_Element))
#7 Z:\home\blog.home\www\app\code\core\Mage\Core\Controller\Varien\Action.php(343): Mage_Core_Model_Layout->generateBlocks()
#8 Z:\home\blog.home\www\app\code\core\Mage\Core\Controller\Varien\Action.php(270): Mage_Core_Controller_Varien_Action->generateLayoutBlocks()
#9 Z:\home\blog.home\www\app\code\core\Mage\Customer\controllers\AccountController.php(94): Mage_Core_Controller_Varien_Action->loadLayout()
#10 Z:\home\blog.home\www\app\code\core\Mage\Core\Controller\Varien\Action.php(418): Mage_Customer_AccountController->indexAction()
#11 Z:\home\blog.home\www\app\code\core\Mage\Core\Controller\Varien\Router\Standard.php(253): Mage_Core_Controller_Varien_Action->dispatch('index')
#12 Z:\home\blog.home\www\app\code\core\Mage\Core\Controller\Varien\Front.php(176): Mage_Core_Controller_Varien_Router_Standard->match(Object(Mage_Core_Controller_Request_Http))
#13 Z:\home\blog.home\www\app\code\core\Mage\Core\Model\App.php(304): Mage_Core_Controller_Varien_Front->dispatch()
#14 Z:\home\blog.home\www\app\Mage.php(596): Mage_Core_Model_App->run(Array)
#15 Z:\home\blog.home\www\index.php(98): Mage::run('', 'store')
#16 {main}
2011-02-01T11:57:17+00:00 ERR (3): 
exception 'Exception' with message '$_FILES array is empty' in Z:\home\192.168.1.44\www\lib\Varien\File\Uploader.php:410
Stack trace:
#0 Z:\home\192.168.1.44\www\lib\Varien\File\Uploader.php(138): Varien_File_Uploader->_setUploadFileId('image')
#1 Z:\home\192.168.1.44\www\app\code\local\Mage\Catalog\Model\Category\Attribute\Backend\Image.php(57): Varien_File_Uploader->__construct('image')
#2 Z:\home\192.168.1.44\www\app\code\core\Mage\Eav\Model\Entity\Abstract.php(632): Mage_Catalog_Model_Category_Attribute_Backend_Image->afterSave(Object(Mage_Catalog_Model_Category))
#3 Z:\home\192.168.1.44\www\app\code\core\Mage\Eav\Model\Entity\Abstract.php(1481): Mage_Eav_Model_Entity_Abstract->walkAttributes(Array, Array)
#4 Z:\home\192.168.1.44\www\app\code\local\Mage\Catalog\Model\Resource\Eav\Mysql4\Category.php(233): Mage_Eav_Model_Entity_Abstract->_afterSave('backend/afterSa...', Array)
#5 Z:\home\192.168.1.44\www\app\code\core\Mage\Eav\Model\Entity\Abstract.php(992): Mage_Catalog_Model_Resource_Eav_Mysql4_Category->_afterSave(Object(Mage_Catalog_Model_Category))
#6 Z:\home\192.168.1.44\www\app\code\core\Mage\Core\Model\Abstract.php(318): Mage_Eav_Model_Entity_Abstract->save(Object(Mage_Catalog_Model_Category))
#7 Z:\home\192.168.1.44\www\app\code\community\CapacityWebSolutions\ImportProduct\Model\Convert\Adapter\Product.php(400): Mage_Core_Model_Abstract->save(Object(Mage_Catalog_Model_Category))
#8 Z:\home\192.168.1.44\www\app\code\community\CapacityWebSolutions\ImportProduct\Model\Convert\Adapter\Product.php(93): CapacityWebSolutions_ImportProduct_Model_Convert_Adapter_Product->_addCategories()
#9 Z:\home\192.168.1.44\www\app\code\core\Mage\Adminhtml\controllers\System\Convert\ProfileController.php(248): CapacityWebSolutions_ImportProduct_Model_Convert_Adapter_Product->saveRow('Movie2/cartoon2', Object(Mage_Core_Model_Store))
#10 Z:\home\192.168.1.44\www\app\code\core\Mage\Core\Controller\Varien\Action.php(418): Mage_Adminhtml_System_Convert_ProfileController->batchRunAction(Array)
#11 Z:\home\192.168.1.44\www\app\code\core\Mage\Core\Controller\Varien\Router\Standard.php(253): Mage_Core_Controller_Varien_Action->dispatch()
#12 Z:\home\192.168.1.44\www\app\code\core\Mage\Core\Controller\Varien\Front.php(176): Mage_Core_Controller_Varien_Router_Standard->match('batchRun')
#13 Z:\home\192.168.1.44\www\app\code\core\Mage\Core\Model\App.php(304): Mage_Core_Controller_Varien_Front->dispatch(Object(Mage_Core_Controller_Request_Http))
#14 Z:\home\192.168.1.44\www\app\Mage.php(596): Mage_Core_Model_App->run()
#15 Z:\home\192.168.1.44\www\index.php(99): Mage::run(Array)
#16 {main}
2011-02-01T11:57:25+00:00 ERR (3): 
exception 'Exception' with message '$_FILES array is empty' in Z:\home\192.168.1.44\www\lib\Varien\File\Uploader.php:410
Stack trace:
#0 Z:\home\192.168.1.44\www\lib\Varien\File\Uploader.php(138): Varien_File_Uploader->_setUploadFileId('image')
#1 Z:\home\192.168.1.44\www\app\code\local\Mage\Catalog\Model\Category\Attribute\Backend\Image.php(57): Varien_File_Uploader->__construct('image')
#2 Z:\home\192.168.1.44\www\app\code\core\Mage\Eav\Model\Entity\Abstract.php(632): Mage_Catalog_Model_Category_Attribute_Backend_Image->afterSave(Object(Mage_Catalog_Model_Category))
#3 Z:\home\192.168.1.44\www\app\code\core\Mage\Eav\Model\Entity\Abstract.php(1481): Mage_Eav_Model_Entity_Abstract->walkAttributes(Array, Array)
#4 Z:\home\192.168.1.44\www\app\code\local\Mage\Catalog\Model\Resource\Eav\Mysql4\Category.php(233): Mage_Eav_Model_Entity_Abstract->_afterSave('backend/afterSa...', Array)
#5 Z:\home\192.168.1.44\www\app\code\core\Mage\Eav\Model\Entity\Abstract.php(992): Mage_Catalog_Model_Resource_Eav_Mysql4_Category->_afterSave(Object(Mage_Catalog_Model_Category))
#6 Z:\home\192.168.1.44\www\app\code\core\Mage\Core\Model\Abstract.php(318): Mage_Eav_Model_Entity_Abstract->save(Object(Mage_Catalog_Model_Category))
#7 Z:\home\192.168.1.44\www\app\code\community\CapacityWebSolutions\ImportProduct\Model\Convert\Adapter\Product.php(400): Mage_Core_Model_Abstract->save(Object(Mage_Catalog_Model_Category))
#8 Z:\home\192.168.1.44\www\app\code\community\CapacityWebSolutions\ImportProduct\Model\Convert\Adapter\Product.php(93): CapacityWebSolutions_ImportProduct_Model_Convert_Adapter_Product->_addCategories()
#9 Z:\home\192.168.1.44\www\app\code\core\Mage\Adminhtml\controllers\System\Convert\ProfileController.php(248): CapacityWebSolutions_ImportProduct_Model_Convert_Adapter_Product->saveRow('Movie2/cartoon2', Object(Mage_Core_Model_Store))
#10 Z:\home\192.168.1.44\www\app\code\core\Mage\Core\Controller\Varien\Action.php(418): Mage_Adminhtml_System_Convert_ProfileController->batchRunAction(Array)
#11 Z:\home\192.168.1.44\www\app\code\core\Mage\Core\Controller\Varien\Router\Standard.php(253): Mage_Core_Controller_Varien_Action->dispatch()
#12 Z:\home\192.168.1.44\www\app\code\core\Mage\Core\Controller\Varien\Front.php(176): Mage_Core_Controller_Varien_Router_Standard->match('batchRun')
#13 Z:\home\192.168.1.44\www\app\code\core\Mage\Core\Model\App.php(304): Mage_Core_Controller_Varien_Front->dispatch(Object(Mage_Core_Controller_Request_Http))
#14 Z:\home\192.168.1.44\www\app\Mage.php(596): Mage_Core_Model_App->run()
#15 Z:\home\192.168.1.44\www\index.php(99): Mage::run(Array)
#16 {main}
2011-02-08T10:16:36+00:00 ERR (3): 
exception 'Exception' with message '$_FILES array is empty' in Z:\home\192.168.1.44\www\lib\Varien\File\Uploader.php:410
Stack trace:
#0 Z:\home\192.168.1.44\www\lib\Varien\File\Uploader.php(138): Varien_File_Uploader->_setUploadFileId('image')
#1 Z:\home\192.168.1.44\www\app\code\local\Mage\Catalog\Model\Category\Attribute\Backend\Image.php(57): Varien_File_Uploader->__construct('image')
#2 Z:\home\192.168.1.44\www\app\code\core\Mage\Eav\Model\Entity\Abstract.php(632): Mage_Catalog_Model_Category_Attribute_Backend_Image->afterSave(Object(Mage_Catalog_Model_Category))
#3 Z:\home\192.168.1.44\www\app\code\core\Mage\Eav\Model\Entity\Abstract.php(1481): Mage_Eav_Model_Entity_Abstract->walkAttributes(Array, Array)
#4 Z:\home\192.168.1.44\www\app\code\local\Mage\Catalog\Model\Resource\Eav\Mysql4\Category.php(233): Mage_Eav_Model_Entity_Abstract->_afterSave('backend/afterSa...', Array)
#5 Z:\home\192.168.1.44\www\app\code\core\Mage\Eav\Model\Entity\Abstract.php(992): Mage_Catalog_Model_Resource_Eav_Mysql4_Category->_afterSave(Object(Mage_Catalog_Model_Category))
#6 Z:\home\192.168.1.44\www\app\code\core\Mage\Core\Model\Abstract.php(318): Mage_Eav_Model_Entity_Abstract->save(Object(Mage_Catalog_Model_Category))
#7 Z:\home\192.168.1.44\www\app\code\community\CapacityWebSolutions\ImportProduct\Model\Convert\Adapter\Product.php(401): Mage_Core_Model_Abstract->save(Object(Mage_Catalog_Model_Category))
#8 Z:\home\192.168.1.44\www\app\code\community\CapacityWebSolutions\ImportProduct\Model\Convert\Adapter\Product.php(94): CapacityWebSolutions_ImportProduct_Model_Convert_Adapter_Product->_addCategories()
#9 Z:\home\192.168.1.44\www\app\code\core\Mage\Adminhtml\controllers\System\Convert\ProfileController.php(248): CapacityWebSolutions_ImportProduct_Model_Convert_Adapter_Product->saveRow('Movie2/cartoon2', Object(Mage_Core_Model_Store))
#10 Z:\home\192.168.1.44\www\app\code\core\Mage\Core\Controller\Varien\Action.php(418): Mage_Adminhtml_System_Convert_ProfileController->batchRunAction(Array)
#11 Z:\home\192.168.1.44\www\app\code\core\Mage\Core\Controller\Varien\Router\Standard.php(253): Mage_Core_Controller_Varien_Action->dispatch()
#12 Z:\home\192.168.1.44\www\app\code\core\Mage\Core\Controller\Varien\Front.php(176): Mage_Core_Controller_Varien_Router_Standard->match('batchRun')
#13 Z:\home\192.168.1.44\www\app\code\core\Mage\Core\Model\App.php(304): Mage_Core_Controller_Varien_Front->dispatch(Object(Mage_Core_Controller_Request_Http))
#14 Z:\home\192.168.1.44\www\app\Mage.php(596): Mage_Core_Model_App->run()
#15 Z:\home\192.168.1.44\www\index.php(99): Mage::run(Array)
#16 {main}
2011-02-08T10:16:41+00:00 ERR (3): 
exception 'Exception' with message '$_FILES array is empty' in Z:\home\192.168.1.44\www\lib\Varien\File\Uploader.php:410
Stack trace:
#0 Z:\home\192.168.1.44\www\lib\Varien\File\Uploader.php(138): Varien_File_Uploader->_setUploadFileId('image')
#1 Z:\home\192.168.1.44\www\app\code\local\Mage\Catalog\Model\Category\Attribute\Backend\Image.php(57): Varien_File_Uploader->__construct('image')
#2 Z:\home\192.168.1.44\www\app\code\core\Mage\Eav\Model\Entity\Abstract.php(632): Mage_Catalog_Model_Category_Attribute_Backend_Image->afterSave(Object(Mage_Catalog_Model_Category))
#3 Z:\home\192.168.1.44\www\app\code\core\Mage\Eav\Model\Entity\Abstract.php(1481): Mage_Eav_Model_Entity_Abstract->walkAttributes(Array, Array)
#4 Z:\home\192.168.1.44\www\app\code\local\Mage\Catalog\Model\Resource\Eav\Mysql4\Category.php(233): Mage_Eav_Model_Entity_Abstract->_afterSave('backend/afterSa...', Array)
#5 Z:\home\192.168.1.44\www\app\code\core\Mage\Eav\Model\Entity\Abstract.php(992): Mage_Catalog_Model_Resource_Eav_Mysql4_Category->_afterSave(Object(Mage_Catalog_Model_Category))
#6 Z:\home\192.168.1.44\www\app\code\core\Mage\Core\Model\Abstract.php(318): Mage_Eav_Model_Entity_Abstract->save(Object(Mage_Catalog_Model_Category))
#7 Z:\home\192.168.1.44\www\app\code\community\CapacityWebSolutions\ImportProduct\Model\Convert\Adapter\Product.php(401): Mage_Core_Model_Abstract->save(Object(Mage_Catalog_Model_Category))
#8 Z:\home\192.168.1.44\www\app\code\community\CapacityWebSolutions\ImportProduct\Model\Convert\Adapter\Product.php(94): CapacityWebSolutions_ImportProduct_Model_Convert_Adapter_Product->_addCategories()
#9 Z:\home\192.168.1.44\www\app\code\core\Mage\Adminhtml\controllers\System\Convert\ProfileController.php(248): CapacityWebSolutions_ImportProduct_Model_Convert_Adapter_Product->saveRow('Movie2/cartoon2', Object(Mage_Core_Model_Store))
#10 Z:\home\192.168.1.44\www\app\code\core\Mage\Core\Controller\Varien\Action.php(418): Mage_Adminhtml_System_Convert_ProfileController->batchRunAction(Array)
#11 Z:\home\192.168.1.44\www\app\code\core\Mage\Core\Controller\Varien\Router\Standard.php(253): Mage_Core_Controller_Varien_Action->dispatch()
#12 Z:\home\192.168.1.44\www\app\code\core\Mage\Core\Controller\Varien\Front.php(176): Mage_Core_Controller_Varien_Router_Standard->match('batchRun')
#13 Z:\home\192.168.1.44\www\app\code\core\Mage\Core\Model\App.php(304): Mage_Core_Controller_Varien_Front->dispatch(Object(Mage_Core_Controller_Request_Http))
#14 Z:\home\192.168.1.44\www\app\Mage.php(596): Mage_Core_Model_App->run()
#15 Z:\home\192.168.1.44\www\index.php(99): Mage::run(Array)
#16 {main}
