2011-01-14T09:43:46+00:00 DEBUG (7): HEADERS ALREADY SENT: <pre>[0] Z:\home\blog.home\www\app\code\core\Mage\Core\Controller\Response\Http.php:44
[1] Z:\home\blog.home\www\lib\Zend\Controller\Response\Abstract.php:766
[2] Z:\home\blog.home\www\app\code\core\Mage\Core\Controller\Response\Http.php:75
[3] Z:\home\blog.home\www\app\code\core\Mage\Core\Controller\Varien\Front.php:188
[4] Z:\home\blog.home\www\app\code\core\Mage\Core\Model\App.php:304
[5] Z:\home\blog.home\www\app\Mage.php:596
[6] Z:\home\blog.home\www\index.php:98
</pre>
2011-01-14T09:44:05+00:00 DEBUG (7): HEADERS ALREADY SENT: <pre>[0] Z:\home\blog.home\www\app\code\core\Mage\Core\Controller\Response\Http.php:44
[1] Z:\home\blog.home\www\lib\Zend\Controller\Response\Abstract.php:766
[2] Z:\home\blog.home\www\app\code\core\Mage\Core\Controller\Response\Http.php:75
[3] Z:\home\blog.home\www\app\code\core\Mage\Core\Controller\Varien\Front.php:188
[4] Z:\home\blog.home\www\app\code\core\Mage\Core\Model\App.php:304
[5] Z:\home\blog.home\www\app\Mage.php:596
[6] Z:\home\blog.home\www\index.php:98
</pre>
2011-01-14T09:44:28+00:00 DEBUG (7): HEADERS ALREADY SENT: <pre>[0] Z:\home\blog.home\www\app\code\core\Mage\Core\Controller\Response\Http.php:44
[1] Z:\home\blog.home\www\lib\Zend\Controller\Response\Abstract.php:766
[2] Z:\home\blog.home\www\app\code\core\Mage\Core\Controller\Response\Http.php:75
[3] Z:\home\blog.home\www\app\code\core\Mage\Core\Controller\Varien\Front.php:188
[4] Z:\home\blog.home\www\app\code\core\Mage\Core\Model\App.php:304
[5] Z:\home\blog.home\www\app\Mage.php:596
[6] Z:\home\blog.home\www\index.php:98
</pre>
2011-01-14T09:45:56+00:00 DEBUG (7): HEADERS ALREADY SENT: <pre>[0] Z:\home\blog.home\www\app\code\core\Mage\Core\Controller\Response\Http.php:44
[1] Z:\home\blog.home\www\lib\Zend\Controller\Response\Abstract.php:766
[2] Z:\home\blog.home\www\app\code\core\Mage\Core\Controller\Response\Http.php:75
[3] Z:\home\blog.home\www\app\code\core\Mage\Core\Controller\Varien\Front.php:188
[4] Z:\home\blog.home\www\app\code\core\Mage\Core\Model\App.php:304
[5] Z:\home\blog.home\www\app\Mage.php:596
[6] Z:\home\blog.home\www\index.php:98
</pre>
2011-01-14T09:46:27+00:00 DEBUG (7): HEADERS ALREADY SENT: <pre>[0] Z:\home\blog.home\www\app\code\core\Mage\Core\Controller\Response\Http.php:44
[1] Z:\home\blog.home\www\lib\Zend\Controller\Response\Abstract.php:766
[2] Z:\home\blog.home\www\app\code\core\Mage\Core\Controller\Response\Http.php:75
[3] Z:\home\blog.home\www\app\code\core\Mage\Core\Controller\Varien\Front.php:188
[4] Z:\home\blog.home\www\app\code\core\Mage\Core\Model\App.php:304
[5] Z:\home\blog.home\www\app\Mage.php:596
[6] Z:\home\blog.home\www\index.php:98
</pre>
2011-01-14T09:52:15+00:00 DEBUG (7): HEADERS ALREADY SENT: <pre>[0] Z:\home\blog.home\www\app\code\core\Mage\Core\Controller\Response\Http.php:44
[1] Z:\home\blog.home\www\lib\Zend\Controller\Response\Abstract.php:766
[2] Z:\home\blog.home\www\app\code\core\Mage\Core\Controller\Response\Http.php:75
[3] Z:\home\blog.home\www\app\code\core\Mage\Core\Controller\Varien\Front.php:188
[4] Z:\home\blog.home\www\app\code\core\Mage\Core\Model\App.php:304
[5] Z:\home\blog.home\www\app\Mage.php:596
[6] Z:\home\blog.home\www\index.php:98
</pre>
2011-01-14T09:52:54+00:00 DEBUG (7): HEADERS ALREADY SENT: <pre>[0] Z:\home\blog.home\www\app\code\core\Mage\Core\Controller\Response\Http.php:44
[1] Z:\home\blog.home\www\lib\Zend\Controller\Response\Abstract.php:766
[2] Z:\home\blog.home\www\app\code\core\Mage\Core\Controller\Response\Http.php:75
[3] Z:\home\blog.home\www\app\code\core\Mage\Core\Controller\Varien\Front.php:188
[4] Z:\home\blog.home\www\app\code\core\Mage\Core\Model\App.php:304
[5] Z:\home\blog.home\www\app\Mage.php:596
[6] Z:\home\blog.home\www\index.php:98
</pre>
2011-01-17T11:52:49+00:00 DEBUG (7): HEADERS ALREADY SENT: <pre>[0] Z:\home\blog.home\www\app\code\core\Mage\Core\Controller\Response\Http.php:44
[1] Z:\home\blog.home\www\lib\Zend\Controller\Response\Abstract.php:766
[2] Z:\home\blog.home\www\app\code\core\Mage\Core\Controller\Response\Http.php:75
[3] Z:\home\blog.home\www\app\code\core\Mage\Core\Controller\Varien\Front.php:188
[4] Z:\home\blog.home\www\app\code\core\Mage\Core\Model\App.php:304
[5] Z:\home\blog.home\www\app\Mage.php:596
[6] Z:\home\blog.home\www\index.php:98
</pre>
2011-01-17T13:46:45+00:00 DEBUG (7): HEADERS ALREADY SENT: <pre>[0] Z:\home\blog.home\www\app\code\core\Mage\Core\Controller\Response\Http.php:44
[1] Z:\home\blog.home\www\lib\Zend\Controller\Response\Abstract.php:766
[2] Z:\home\blog.home\www\app\code\core\Mage\Core\Controller\Response\Http.php:75
[3] Z:\home\blog.home\www\app\code\core\Mage\Core\Controller\Varien\Front.php:188
[4] Z:\home\blog.home\www\app\code\core\Mage\Core\Model\App.php:304
[5] Z:\home\blog.home\www\app\Mage.php:596
[6] Z:\home\blog.home\www\index.php:98
</pre>
2011-01-17T13:48:35+00:00 DEBUG (7): HEADERS ALREADY SENT: <pre>[0] Z:\home\blog.home\www\app\code\core\Mage\Core\Controller\Response\Http.php:44
[1] Z:\home\blog.home\www\lib\Zend\Controller\Response\Abstract.php:766
[2] Z:\home\blog.home\www\app\code\core\Mage\Core\Controller\Response\Http.php:75
[3] Z:\home\blog.home\www\app\code\core\Mage\Core\Controller\Varien\Front.php:188
[4] Z:\home\blog.home\www\app\code\core\Mage\Core\Model\App.php:304
[5] Z:\home\blog.home\www\app\Mage.php:596
[6] Z:\home\blog.home\www\index.php:98
</pre>
2011-01-17T13:49:27+00:00 DEBUG (7): HEADERS ALREADY SENT: <pre>[0] Z:\home\blog.home\www\app\code\core\Mage\Core\Controller\Response\Http.php:44
[1] Z:\home\blog.home\www\lib\Zend\Controller\Response\Abstract.php:766
[2] Z:\home\blog.home\www\app\code\core\Mage\Core\Controller\Response\Http.php:75
[3] Z:\home\blog.home\www\app\code\core\Mage\Core\Controller\Varien\Front.php:188
[4] Z:\home\blog.home\www\app\code\core\Mage\Core\Model\App.php:304
[5] Z:\home\blog.home\www\app\Mage.php:596
[6] Z:\home\blog.home\www\index.php:98
</pre>
2011-01-22T09:30:08+00:00 CRIT (2): Not valid template file:frontend\base\default\template\catalog/special/specialoffersphtml
2011-01-22T09:30:44+00:00 CRIT (2): Not valid template file:frontend\base\default\template\catalog/special/specialoffersphtml
2011-01-22T11:54:20+00:00 CRIT (2): Not valid template file:frontend\base\default\template\sales/order/itemscount.phtml
2011-01-22T11:55:27+00:00 CRIT (2): Not valid template file:frontend\base\default\template\sales/order/itemscount.phtml
2011-01-25T15:36:34+00:00 CRIT (2): Not valid template file:frontend\base\default\template\catalog/special/specialoffers.phtml
2011-01-25T15:36:34+00:00 CRIT (2): Not valid template file:frontend\base\default\template\catalog/navigation/catlist.phtml
2011-01-25T15:36:45+00:00 CRIT (2): Not valid template file:frontend\base\default\template\catalog/navigation/catlist.phtml
2011-01-25T15:38:37+00:00 CRIT (2): Not valid template file:frontend\base\default\template\catalog/navigation/catlist.phtml
2011-01-25T15:42:07+00:00 CRIT (2): Not valid template file:frontend\base\default\template\catalog/special/specialoffers.phtml
2011-01-25T15:42:07+00:00 CRIT (2): Not valid template file:frontend\base\default\template\catalog/navigation/catlist.phtml
2011-01-25T15:42:17+00:00 CRIT (2): Not valid template file:frontend\base\default\template\catalog/navigation/catlist.phtml
2011-01-25T16:31:34+00:00 CRIT (2): Not valid template file:frontend\base\default\template\catalog/special/specialoffers.phtml
2011-01-25T16:31:34+00:00 CRIT (2): Not valid template file:frontend\base\default\template\catalog/navigation/catlist.phtml
2011-01-25T16:31:42+00:00 CRIT (2): Not valid template file:frontend\base\default\template\catalog/navigation/catlist.phtml
2011-01-25T16:45:23+00:00 CRIT (2): Not valid template file:frontend\base\default\template\catalog/special/specialoffers.phtml
2011-01-25T16:45:23+00:00 CRIT (2): Not valid template file:frontend\base\default\template\catalog/navigation/catlist.phtml
2011-01-25T16:45:30+00:00 CRIT (2): Not valid template file:frontend\base\default\template\catalog/navigation/catlist.phtml
2011-01-25T16:48:45+00:00 CRIT (2): Not valid template file:frontend\base\default\template\catalog/special/specialoffers.phtml
2011-01-25T16:48:45+00:00 CRIT (2): Not valid template file:frontend\base\default\template\catalog/navigation/catlist.phtml
2011-01-25T16:48:52+00:00 CRIT (2): Not valid template file:frontend\base\default\template\catalog/navigation/catlist.phtml
2011-01-25T16:50:13+00:00 CRIT (2): Not valid template file:frontend\base\default\template\catalog/navigation/catlist.phtml
2011-01-25T16:50:23+00:00 CRIT (2): Not valid template file:frontend\base\default\template\catalog/navigation/catlist.phtml
2011-01-26T07:22:03+00:00 CRIT (2): Not valid template file:frontend\base\default\template\catalog/special/specialoffers.phtml
2011-01-26T07:22:03+00:00 CRIT (2): Not valid template file:frontend\base\default\template\catalog/navigation/catlist.phtml
2011-01-26T12:08:41+00:00 CRIT (2): Not valid template file:frontend\base\default\template\catalog/special/specialoffers.phtml
2011-01-26T12:08:41+00:00 CRIT (2): Not valid template file:frontend\base\default\template\catalog/navigation/catlist.phtml
2011-01-26T14:52:52+00:00 CRIT (2): Not valid template file:frontend\base\default\template\catalog/special/specialoffers.phtml
2011-01-26T14:52:52+00:00 CRIT (2): Not valid template file:frontend\base\default\template\catalog/navigation/catlist.phtml
2011-01-26T16:33:20+00:00 CRIT (2): Not valid template file:frontend\base\default\template\catalog/special/specialoffers.phtml
2011-01-26T16:33:20+00:00 CRIT (2): Not valid template file:frontend\base\default\template\catalog/navigation/catlist.phtml
2011-01-28T16:11:46+00:00 CRIT (2): Not valid template file:frontend\base\default\template\catalog/layer/controls.phtml
2011-01-28T16:12:48+00:00 CRIT (2): Not valid template file:frontend\base\default\template\catalog/layer/controls.phtml
2011-01-28T16:12:48+00:00 CRIT (2): Not valid template file:frontend\base\default\template\catalog/layer/controls.phtml
2011-01-28T16:13:25+00:00 CRIT (2): Not valid template file:frontend\base\default\template\catalog/layer/controls.phtml
2011-01-28T16:13:25+00:00 CRIT (2): Not valid template file:frontend\base\default\template\catalog/layer/controls.phtml
2011-01-28T16:15:07+00:00 CRIT (2): Not valid template file:frontend\base\default\template\catalog/layer/controls.phtml
2011-01-28T16:15:07+00:00 CRIT (2): Not valid template file:frontend\base\default\template\catalog/layer/controls.phtml
2011-01-28T16:15:21+00:00 CRIT (2): Not valid template file:frontend\base\default\template\catalog/layer/controls.phtml
2011-01-28T16:15:21+00:00 CRIT (2): Not valid template file:frontend\base\default\template\catalog/layer/controls.phtml
2011-01-28T16:15:32+00:00 CRIT (2): Not valid template file:frontend\base\default\template\catalog/layer/controls.phtml
2011-01-28T16:15:32+00:00 CRIT (2): Not valid template file:frontend\base\default\template\catalog/layer/controls.phtml
2011-01-28T16:17:13+00:00 CRIT (2): Not valid template file:frontend\base\default\template\catalog/layer/controls.phtml
2011-01-28T16:17:14+00:00 CRIT (2): Not valid template file:frontend\base\default\template\catalog/layer/controls.phtml
2011-01-28T16:42:16+00:00 CRIT (2): Not valid template file:frontend\base\default\template\catalog/layer/controls.phtml
2011-01-28T16:45:31+00:00 CRIT (2): Not valid template file:frontend\base\default\template\catalog/layer/controls.phtml
2011-02-08T10:50:10+00:00 DEBUG (7): HEADERS ALREADY SENT: <pre>[0] Z:\home\192.168.1.44\www\app\code\core\Mage\Core\Controller\Response\Http.php:44
[1] Z:\home\192.168.1.44\www\lib\Zend\Controller\Response\Abstract.php:766
[2] Z:\home\192.168.1.44\www\app\code\core\Mage\Core\Controller\Response\Http.php:75
[3] Z:\home\192.168.1.44\www\app\code\core\Mage\Core\Controller\Varien\Front.php:188
[4] Z:\home\192.168.1.44\www\app\code\core\Mage\Core\Model\App.php:304
[5] Z:\home\192.168.1.44\www\app\Mage.php:596
[6] Z:\home\192.168.1.44\www\index.php:99
</pre>
